<?xml version="1.0" encoding="UTF-8"?>
<!-- Generated by org.testng.reporters.JUnitReportReporter -->
<testsuite hostname="LAPTOP-GAUPM6CM" failures="0" tests="4" name="testscripts.regression.LoginTestDataProvider" time="32.932" errors="0" timestamp="2023-10-30T10:00:54 IST" skipped="0">
  <testcase classname="testscripts.regression.LoginTestDataProvider" name="loginTest1" time="7.532"/>
  <system-out/>
  <testcase classname="testscripts.regression.LoginTestDataProvider" name="loginTest1" time="8.031"/>
  <system-out/>
  <testcase classname="testscripts.regression.LoginTestDataProvider" name="loginTest1" time="9.061"/>
  <system-out/>
  <testcase classname="testscripts.regression.LoginTestDataProvider" name="loginTest1" time="8.308"/>
  <system-out/>
</testsuite> <!-- testscripts.regression.LoginTestDataProvider -->
