<?xml version="1.0" encoding="UTF-8"?>
<!-- Generated by org.testng.reporters.JUnitReportReporter -->
<testsuite hostname="LAPTOP-GAUPM6CM" failures="0" tests="1" name="testscripts.regression.ValidateRegistrationUsingPOM" time="10.335" errors="0" timestamp="2023-11-10T08:18:48 IST" skipped="0">
  <testcase classname="testscripts.regression.ValidateRegistrationUsingPOM" name="validateRegistrationTest" time="10.335"/>
  <system-out/>
</testsuite> <!-- testscripts.regression.ValidateRegistrationUsingPOM -->
