<?xml version="1.0" encoding="UTF-8"?>
<!-- Generated by org.testng.reporters.JUnitReportReporter -->
<testsuite hostname="LAPTOP-GAUPM6CM" failures="0" tests="1" name="testscripts.regression.LoginTestDataProviderExcel" time="8.641" errors="0" timestamp="2023-10-31T10:00:38 IST" skipped="0">
  <testcase classname="testscripts.regression.LoginTestDataProviderExcel" name="loginTest1" time="8.641"/>
  <system-out/>
</testsuite> <!-- testscripts.regression.LoginTestDataProviderExcel -->
