<?xml version="1.0" encoding="UTF-8"?>
<!-- Generated by org.testng.reporters.JUnitReportReporter -->
<testsuite hostname="LAPTOP-GAUPM6CM" failures="0" tests="1" name="testscripts.regression.ValidateLoginUsingKeywordDriven" time="8.123" errors="0" timestamp="2023-11-01T10:24:29 IST" skipped="0">
  <testcase classname="testscripts.regression.ValidateLoginUsingKeywordDriven" name="validateLoginTest" time="8.123"/>
  <system-out/>
</testsuite> <!-- testscripts.regression.ValidateLoginUsingKeywordDriven -->
