<?xml version="1.0" encoding="UTF-8"?>
<!-- Generated by org.testng.reporters.JUnitReportReporter -->
<testsuite hostname="LAPTOP-GAUPM6CM" failures="0" tests="1" name="testscripts.regression.ValidateLoginUsingPOM" time="10.661" errors="0" timestamp="2023-11-10T08:18:48 IST" skipped="0">
  <testcase classname="testscripts.regression.ValidateLoginUsingPOM" name="validateLoginTest" time="10.661"/>
  <system-out/>
</testsuite> <!-- testscripts.regression.ValidateLoginUsingPOM -->
