<?xml version="1.0" encoding="UTF-8"?>
<!-- Generated by org.testng.reporters.JUnitReportReporter -->
<testsuite hostname="LAPTOP-GAUPM6CM" failures="0" tests="4" name="testscripts.regression.LoginTest" time="36.086" errors="0" timestamp="2023-10-30T09:50:13 IST" skipped="0">
  <testcase classname="testscripts.regression.LoginTest" name="loginTest2" time="10.893"/>
  <system-out/>
  <testcase classname="testscripts.regression.LoginTest" name="loginTest1" time="7.738"/>
  <system-out/>
  <testcase classname="testscripts.regression.LoginTest" name="loginTest3" time="7.366"/>
  <system-out/>
  <testcase classname="testscripts.regression.LoginTest" name="loginTest4" time="10.089"/>
  <system-out/>
</testsuite> <!-- testscripts.regression.LoginTest -->
