<?xml version="1.0" encoding="UTF-8"?>
<!-- Generated by org.testng.reporters.JUnitReportReporter -->
<testsuite hostname="LAPTOP-GAUPM6CM" failures="0" tests="1" name="oct28th.AppLaunch" time="11.045" errors="0" timestamp="2023-10-28T09:34:24 IST" skipped="0">
  <testcase classname="oct28th.AppLaunch" name="appLaunch" time="11.045"/>
  <system-out/>
</testsuite> <!-- oct28th.AppLaunch -->
