<?xml version="1.0" encoding="UTF-8"?>
<!-- Generated by org.testng.reporters.JUnitReportReporter -->
<testsuite hostname="LAPTOP-GAUPM6CM" failures="0" tests="1" name="testscripts.regression.ValidateRegistrationUsingPOM" time="11.977" errors="0" timestamp="2023-11-10T08:30:40 IST" skipped="0">
  <testcase classname="testscripts.regression.ValidateRegistrationUsingPOM" name="validateRegistrationTest" time="11.977"/>
</testsuite> <!-- testscripts.regression.ValidateRegistrationUsingPOM -->
